<?xml version="1.0" encoding="UTF-8"?>
<!-- Generated by org.testng.reporters.JUnitReportReporter -->
<testsuite skipped="0" hostname="et-laptop-sms-MacBook-Pro.local" name="Test.verifyPageAccess" tests="2" failures="0" timestamp="01 Jul 2018 07:39:57 GMT" time="26.467" errors="0">
  <testcase name="AFB" time="13.819" classname="Test.verifyPageAccess"/>
  <testcase name="G" time="12.648" classname="Test.verifyPageAccess"/>
</testsuite> <!-- Test.verifyPageAccess -->
